<?xml version="1.0" encoding="UTF-8"?>
<testng-results ignored="0" total="1" passed="1" failed="0" skipped="0">
  <reporter-output>
  </reporter-output>
  <suite started-at="2024-11-11T17:28:47 PKT" name="Surefire suite" finished-at="2024-11-11T17:29:00 PKT" duration-ms="13485">
    <groups>
    </groups>
    <test started-at="2024-11-11T17:28:47 PKT" name="Surefire test" finished-at="2024-11-11T17:29:00 PKT" duration-ms="13485">
      <class name="SeleniumTestDocker">
        <test-method is-config="true" signature="Setup()[pri:0, instance:SeleniumTestDocker@3eb7fc54]" started-at="2024-11-11T17:28:47 PKT" name="Setup" finished-at="2024-11-11T17:28:50 PKT" duration-ms="3025" status="PASS">
          <reporter-output>
          </reporter-output>
        </test-method> <!-- Setup -->
        <test-method signature="teststeps()[pri:0, instance:SeleniumTestDocker@3eb7fc54]" started-at="2024-11-11T17:28:50 PKT" name="teststeps" finished-at="2024-11-11T17:29:00 PKT" duration-ms="10407" status="PASS">
          <reporter-output>
          </reporter-output>
        </test-method> <!-- teststeps -->
      </class> <!-- SeleniumTestDocker -->
    </test> <!-- Surefire test -->
  </suite> <!-- Surefire suite -->
</testng-results>
